<?xml version="1.0" encoding="UTF-8"?>
<testng-results skipped="0" failed="0" ignored="0" total="4" passed="4">
  <reporter-output>
  </reporter-output>
  <suite name="Default suite" duration-ms="26335" started-at="2019-07-06T13:31:52Z" finished-at="2019-07-06T13:32:19Z">
    <groups>
    </groups>
    <test name="Default test" duration-ms="26335" started-at="2019-07-06T13:31:52Z" finished-at="2019-07-06T13:32:19Z">
      <class name="testng_pack.NewTest">
        <test-method status="PASS" signature="beforeSuite()[pri:0, instance:testng_pack.NewTest@e25b2fe]" name="beforeSuite" is-config="true" duration-ms="10" started-at="2019-07-06T13:31:52Z" finished-at="2019-07-06T13:31:52Z">
          <reporter-output>
          </reporter-output>
        </test-method> <!-- beforeSuite -->
        <test-method status="PASS" signature="beforeTest()[pri:0, instance:testng_pack.NewTest@e25b2fe]" name="beforeTest" is-config="true" duration-ms="0" started-at="2019-07-06T13:31:52Z" finished-at="2019-07-06T13:31:52Z">
          <reporter-output>
          </reporter-output>
        </test-method> <!-- beforeTest -->
        <test-method status="PASS" signature="beforeClass()[pri:0, instance:testng_pack.NewTest@e25b2fe]" name="beforeClass" is-config="true" duration-ms="0" started-at="2019-07-06T13:31:52Z" finished-at="2019-07-06T13:31:52Z">
          <reporter-output>
          </reporter-output>
        </test-method> <!-- beforeClass -->
        <test-method status="PASS" signature="beforeMethod()[pri:0, instance:testng_pack.NewTest@e25b2fe]" name="beforeMethod" is-config="true" duration-ms="0" started-at="2019-07-06T13:31:52Z" finished-at="2019-07-06T13:31:52Z">
          <reporter-output>
          </reporter-output>
        </test-method> <!-- beforeMethod -->
        <test-method status="PASS" signature="f()[pri:0, instance:testng_pack.NewTest@e25b2fe]" name="f" duration-ms="7" started-at="2019-07-06T13:31:52Z" finished-at="2019-07-06T13:31:52Z">
          <reporter-output>
          </reporter-output>
        </test-method> <!-- f -->
        <test-method status="PASS" signature="afterMethod()[pri:0, instance:testng_pack.NewTest@e25b2fe]" name="afterMethod" is-config="true" duration-ms="6" started-at="2019-07-06T13:31:52Z" finished-at="2019-07-06T13:31:52Z">
          <reporter-output>
          </reporter-output>
        </test-method> <!-- afterMethod -->
        <test-method status="PASS" signature="afterClass()[pri:0, instance:testng_pack.NewTest@e25b2fe]" name="afterClass" is-config="true" duration-ms="0" started-at="2019-07-06T13:31:52Z" finished-at="2019-07-06T13:31:52Z">
          <reporter-output>
          </reporter-output>
        </test-method> <!-- afterClass -->
        <test-method status="PASS" signature="afterTest()[pri:0, instance:testng_pack.NewTest@e25b2fe]" name="afterTest" is-config="true" duration-ms="1" started-at="2019-07-06T13:32:19Z" finished-at="2019-07-06T13:32:19Z">
          <reporter-output>
          </reporter-output>
        </test-method> <!-- afterTest -->
        <test-method status="PASS" signature="afterSuite()[pri:0, instance:testng_pack.NewTest@e25b2fe]" name="afterSuite" is-config="true" duration-ms="1" started-at="2019-07-06T13:32:19Z" finished-at="2019-07-06T13:32:19Z">
          <reporter-output>
          </reporter-output>
        </test-method> <!-- afterSuite -->
      </class> <!-- testng_pack.NewTest -->
      <class name="testng_pack.Test_app">
        <test-method status="PASS" signature="beforeMethod()[pri:0, instance:testng_pack.Test_app@754ba872]" name="beforeMethod" is-config="true" duration-ms="12390" started-at="2019-07-06T13:31:52Z" finished-at="2019-07-06T13:32:05Z">
          <reporter-output>
          </reporter-output>
        </test-method> <!-- beforeMethod -->
        <test-method status="PASS" signature="links()[pri:0, instance:testng_pack.Test_app@754ba872]" name="links" duration-ms="764" started-at="2019-07-06T13:32:05Z" finished-at="2019-07-06T13:32:05Z">
          <reporter-output>
          </reporter-output>
        </test-method> <!-- links -->
        <test-method status="PASS" signature="afterMethod()[pri:0, instance:testng_pack.Test_app@754ba872]" name="afterMethod" is-config="true" duration-ms="147" started-at="2019-07-06T13:32:05Z" finished-at="2019-07-06T13:32:06Z">
          <reporter-output>
          </reporter-output>
        </test-method> <!-- afterMethod -->
        <test-method status="PASS" signature="beforeMethod()[pri:0, instance:testng_pack.Test_app@754ba872]" name="beforeMethod" is-config="true" duration-ms="6954" started-at="2019-07-06T13:32:06Z" finished-at="2019-07-06T13:32:13Z">
          <reporter-output>
          </reporter-output>
        </test-method> <!-- beforeMethod -->
        <test-method status="PASS" signature="validate_field()[pri:0, instance:testng_pack.Test_app@754ba872]" name="validate_field" duration-ms="103" started-at="2019-07-06T13:32:13Z" finished-at="2019-07-06T13:32:13Z">
          <reporter-output>
          </reporter-output>
        </test-method> <!-- validate_field -->
        <test-method status="PASS" signature="afterMethod()[pri:0, instance:testng_pack.Test_app@754ba872]" name="afterMethod" is-config="true" duration-ms="290" started-at="2019-07-06T13:32:13Z" finished-at="2019-07-06T13:32:13Z">
          <reporter-output>
          </reporter-output>
        </test-method> <!-- afterMethod -->
        <test-method status="PASS" signature="beforeMethod()[pri:0, instance:testng_pack.Test_app@754ba872]" name="beforeMethod" is-config="true" duration-ms="5537" started-at="2019-07-06T13:32:13Z" finished-at="2019-07-06T13:32:18Z">
          <reporter-output>
          </reporter-output>
        </test-method> <!-- beforeMethod -->
        <test-method status="PASS" signature="win_close()[pri:0, instance:testng_pack.Test_app@754ba872]" name="win_close" duration-ms="11" started-at="2019-07-06T13:32:18Z" finished-at="2019-07-06T13:32:18Z">
          <reporter-output>
          </reporter-output>
        </test-method> <!-- win_close -->
        <test-method status="PASS" signature="afterMethod()[pri:0, instance:testng_pack.Test_app@754ba872]" name="afterMethod" is-config="true" duration-ms="87" started-at="2019-07-06T13:32:18Z" finished-at="2019-07-06T13:32:19Z">
          <reporter-output>
          </reporter-output>
        </test-method> <!-- afterMethod -->
      </class> <!-- testng_pack.Test_app -->
    </test> <!-- Default test -->
  </suite> <!-- Default suite -->
</testng-results>
