<?xml version="1.0" encoding="UTF-8"?>
<!-- Generated by org.testng.reporters.JUnitXMLReporter -->
<testsuite hostname="DESKTOP-22JM805" ignored="0" name="Default test" tests="4" failures="0" timestamp="06 Jul 2019 13:32:19 GMT" time="26.335" errors="0">
  <testcase name="f" time="0.007" classname="testng_pack.NewTest"/>
  <testcase name="links" time="0.764" classname="testng_pack.Test_app"/>
  <testcase name="validate_field" time="0.103" classname="testng_pack.Test_app"/>
  <testcase name="win_close" time="0.011" classname="testng_pack.Test_app"/>
</testsuite> <!-- Default test -->
